<?xml version="1.0" encoding="UTF-8"?>
<testng-results skipped="0" failed="0" ignored="0" total="1" passed="1">
  <reporter-output>
  </reporter-output>
  <suite name="Suite" duration-ms="177" started-at="2020-08-08T12:59:10 IST" finished-at="2020-08-08T12:59:10 IST">
    <groups>
    </groups>
    <test name="Test" duration-ms="177" started-at="2020-08-08T12:59:10 IST" finished-at="2020-08-08T12:59:10 IST">
      <class name="testNGAttributes.TestNGParametres">
        <test-method status="PASS" signature="launchBrowser(java.lang.String)[pri:0, instance:testNGAttributes.TestNGParametres@6c3708b3]" name="launchBrowser" duration-ms="23" started-at="2020-08-08T12:59:10 IST" finished-at="2020-08-08T12:59:10 IST">
          <params>
            <param index="0">
              <value>
                <![CDATA[Edge]]>
              </value>
            </param>
          </params>
          <reporter-output>
          </reporter-output>
        </test-method> <!-- launchBrowser -->
      </class> <!-- testNGAttributes.TestNGParametres -->
    </test> <!-- Test -->
  </suite> <!-- Suite -->
</testng-results>
