<?xml version="1.0" encoding="UTF-8"?>
<!-- Generated by org.testng.reporters.JUnitXMLReporter -->
<testsuite hostname="DESKTOP-R87U3R0" ignored="0" name="Module 1" tests="5" failures="0" timestamp="2020-08-08T11:51:08 IST" time="0.241" errors="0">
  <testcase name="test1" time="0.024" classname="basicAnnotations.TestNGClass2"/>
  <testcase name="test2" time="0.015" classname="basicAnnotations.TestNGClass2"/>
  <testcase name="test1" time="0.009" classname="basicAnnotations.TestNGFirstClass"/>
  <testcase name="test2" time="0.003" classname="basicAnnotations.TestNGFirstClass"/>
  <testcase name="test3" time="0.006" classname="basicAnnotations.TestNGFirstClass"/>
</testsuite> <!-- Module 1 -->
