<?xml version="1.0" encoding="UTF-8"?>
<!-- Generated by org.testng.reporters.JUnitXMLReporter -->
<testsuite hostname="DESKTOP-R87U3R0" ignored="0" name="Module 2" tests="4" failures="0" timestamp="2020-08-08T11:51:08 IST" time="0.043" errors="0">
  <testcase name="test1" time="0.004" classname="basicAnnotations.TestNGClass3"/>
  <testcase name="test2" time="0.004" classname="basicAnnotations.TestNGClass3"/>
  <testcase name="test1" time="0.005" classname="basicAnnotations.TestNGClass4"/>
  <testcase name="test2" time="0.003" classname="basicAnnotations.TestNGClass4"/>
</testsuite> <!-- Module 2 -->
