<?xml version="1.0" encoding="UTF-8"?>
<!-- Generated by org.testng.reporters.JUnitXMLReporter -->
<testsuite hostname="DESKTOP-R87U3R0" ignored="0" name="Default test" tests="3" failures="0" timestamp="2020-08-08T11:08:37 IST" time="0.24" errors="0">
  <testcase name="test1" time="0.023" classname="basicAnnotations.TestNGFirstClass"/>
  <testcase name="test2" time="0.014" classname="basicAnnotations.TestNGFirstClass"/>
  <testcase name="test3" time="0.015" classname="basicAnnotations.TestNGFirstClass"/>
</testsuite> <!-- Default test -->
