<?xml version="1.0" encoding="UTF-8"?>
<!-- Generated by org.testng.reporters.JUnitXMLReporter -->
<testsuite hostname="DESKTOP-R87U3R0" ignored="0" name="Default test" tests="3" failures="0" timestamp="2020-08-08T12:46:59 IST" time="0.239" errors="0">
  <testcase name="login" time="0.033" classname="testNGAttributes.TestNGDataProvider"/>
  <testcase name="login" time="0.005" classname="testNGAttributes.TestNGDataProvider"/>
  <testcase name="login" time="0.003" classname="testNGAttributes.TestNGDataProvider"/>
</testsuite> <!-- Default test -->
